<?xml version="1.0" encoding="UTF-8"?>
<testng-results ignored="0" total="6" passed="6" failed="0" skipped="0">
  <reporter-output>
  </reporter-output>
  <suite started-at="2023-06-17T23:08:37 PDT" name="Default suite" finished-at="2023-06-17T23:10:03 PDT" duration-ms="86129">
    <groups>
      <group name="cucumber">
        <method signature="AbstractTestNGCucumberTests.runScenario(io.cucumber.testng.PickleWrapper,io.cucumber.testng.FeatureWrapper)[pri:0, instance:com.CucumberTest.runners.SalesforceRunner@550dbc7a]" name="runScenario" class="io.cucumber.testng.AbstractTestNGCucumberTests"/>
      </group> <!-- cucumber -->
    </groups>
    <test started-at="2023-06-17T23:08:37 PDT" name="Default test" finished-at="2023-06-17T23:10:03 PDT" duration-ms="86129">
      <class name="com.CucumberTest.runners.SalesforceRunner">
        <test-method is-config="true" signature="setUpClass(org.testng.ITestContext)[pri:0, instance:com.CucumberTest.runners.SalesforceRunner@550dbc7a]" started-at="2023-06-17T23:08:37 PDT" name="setUpClass" finished-at="2023-06-17T23:08:39 PDT" duration-ms="2157" status="PASS">
          <params>
            <param index="0">
              <value>
                <![CDATA[org.testng.TestRunner@5a1c7619]]>
              </value>
            </param>
          </params>
          <reporter-output>
          </reporter-output>
        </test-method> <!-- setUpClass -->
        <test-method signature="runScenario(io.cucumber.testng.PickleWrapper,io.cucumber.testng.FeatureWrapper)[pri:0, instance:com.CucumberTest.runners.SalesforceRunner@550dbc7a]" started-at="2023-06-17T23:08:39 PDT" name="runScenario" description="Runs Cucumber Scenarios" data-provider="scenarios" finished-at="2023-06-17T23:08:56 PDT" duration-ms="17420" status="PASS">
          <params>
            <param index="0">
              <value>
                <![CDATA["Select user menu dropdown in homepage"]]>
              </value>
            </param>
            <param index="1">
              <value>
                <![CDATA["Salesforce login Functionality"]]>
              </value>
            </param>
          </params>
          <reporter-output>
          </reporter-output>
        </test-method> <!-- runScenario -->
        <test-method signature="runScenario(io.cucumber.testng.PickleWrapper,io.cucumber.testng.FeatureWrapper)[pri:0, instance:com.CucumberTest.runners.SalesforceRunner@550dbc7a]" started-at="2023-06-17T23:08:56 PDT" name="runScenario" description="Runs Cucumber Scenarios" data-provider="scenarios" finished-at="2023-06-17T23:09:08 PDT" duration-ms="11474" status="PASS">
          <params>
            <param index="0">
              <value>
                <![CDATA["Unsuccessful login to salesforce application"]]>
              </value>
            </param>
            <param index="1">
              <value>
                <![CDATA["Salesforce login Functionality"]]>
              </value>
            </param>
          </params>
          <reporter-output>
          </reporter-output>
        </test-method> <!-- runScenario -->
        <test-method signature="runScenario(io.cucumber.testng.PickleWrapper,io.cucumber.testng.FeatureWrapper)[pri:0, instance:com.CucumberTest.runners.SalesforceRunner@550dbc7a]" started-at="2023-06-17T23:09:08 PDT" name="runScenario" description="Runs Cucumber Scenarios" data-provider="scenarios" finished-at="2023-06-17T23:09:23 PDT" duration-ms="14833" status="PASS">
          <params>
            <param index="0">
              <value>
                <![CDATA["Successful Login to salesforce application"]]>
              </value>
            </param>
            <param index="1">
              <value>
                <![CDATA["Salesforce login Functionality"]]>
              </value>
            </param>
          </params>
          <reporter-output>
          </reporter-output>
        </test-method> <!-- runScenario -->
        <test-method signature="runScenario(io.cucumber.testng.PickleWrapper,io.cucumber.testng.FeatureWrapper)[pri:0, instance:com.CucumberTest.runners.SalesforceRunner@550dbc7a]" started-at="2023-06-17T23:09:23 PDT" name="runScenario" description="Runs Cucumber Scenarios" data-provider="scenarios" finished-at="2023-06-17T23:09:42 PDT" duration-ms="19299" status="PASS">
          <params>
            <param index="0">
              <value>
                <![CDATA["Select rememberme checkbox in login page"]]>
              </value>
            </param>
            <param index="1">
              <value>
                <![CDATA["Salesforce login Functionality"]]>
              </value>
            </param>
          </params>
          <reporter-output>
          </reporter-output>
        </test-method> <!-- runScenario -->
        <test-method signature="runScenario(io.cucumber.testng.PickleWrapper,io.cucumber.testng.FeatureWrapper)[pri:0, instance:com.CucumberTest.runners.SalesforceRunner@550dbc7a]" started-at="2023-06-17T23:09:42 PDT" name="runScenario" description="Runs Cucumber Scenarios" data-provider="scenarios" finished-at="2023-06-17T23:09:52 PDT" duration-ms="9846" status="PASS">
          <params>
            <param index="0">
              <value>
                <![CDATA["Forgot Password without entering username and password"]]>
              </value>
            </param>
            <param index="1">
              <value>
                <![CDATA["Salesforce login Functionality"]]>
              </value>
            </param>
          </params>
          <reporter-output>
          </reporter-output>
        </test-method> <!-- runScenario -->
        <test-method signature="runScenario(io.cucumber.testng.PickleWrapper,io.cucumber.testng.FeatureWrapper)[pri:0, instance:com.CucumberTest.runners.SalesforceRunner@550dbc7a]" started-at="2023-06-17T23:09:52 PDT" name="runScenario" description="Runs Cucumber Scenarios" data-provider="scenarios" finished-at="2023-06-17T23:10:02 PDT" duration-ms="10470" status="PASS">
          <params>
            <param index="0">
              <value>
                <![CDATA["Validate login error message if user enters incorrect username and incorrect password"]]>
              </value>
            </param>
            <param index="1">
              <value>
                <![CDATA["Salesforce login Functionality"]]>
              </value>
            </param>
          </params>
          <reporter-output>
          </reporter-output>
        </test-method> <!-- runScenario -->
        <test-method is-config="true" signature="tearDownClass()[pri:0, instance:com.CucumberTest.runners.SalesforceRunner@550dbc7a]" started-at="2023-06-17T23:10:02 PDT" name="tearDownClass" finished-at="2023-06-17T23:10:03 PDT" duration-ms="546" status="PASS">
          <reporter-output>
          </reporter-output>
        </test-method> <!-- tearDownClass -->
      </class> <!-- com.CucumberTest.runners.SalesforceRunner -->
    </test> <!-- Default test -->
  </suite> <!-- Default suite -->
</testng-results>
