<?xml version="1.0" encoding="UTF-8"?>
<testng-results ignored="0" total="6" passed="6" failed="0" skipped="0">
  <reporter-output>
  </reporter-output>
  <suite started-at="2023-06-17T11:50:11 PDT" name="Default suite" finished-at="2023-06-17T11:51:56 PDT" duration-ms="105420">
    <groups>
      <group name="cucumber">
        <method signature="AbstractTestNGCucumberTests.runScenario(io.cucumber.testng.PickleWrapper,io.cucumber.testng.FeatureWrapper)[pri:0, instance:com.CucumberTest.runners.SalesforceRunner@bae7dc0]" name="runScenario" class="io.cucumber.testng.AbstractTestNGCucumberTests"/>
      </group> <!-- cucumber -->
    </groups>
    <test started-at="2023-06-17T11:50:11 PDT" name="Default test" finished-at="2023-06-17T11:51:56 PDT" duration-ms="105420">
      <class name="com.CucumberTest.runners.SalesforceRunner">
        <test-method is-config="true" signature="setUpClass(org.testng.ITestContext)[pri:0, instance:com.CucumberTest.runners.SalesforceRunner@bae7dc0]" started-at="2023-06-17T11:50:11 PDT" name="setUpClass" finished-at="2023-06-17T11:50:12 PDT" duration-ms="1104" status="PASS">
          <params>
            <param index="0">
              <value>
                <![CDATA[org.testng.TestRunner@482f7af0]]>
              </value>
            </param>
          </params>
          <reporter-output>
          </reporter-output>
        </test-method> <!-- setUpClass -->
        <test-method signature="runScenario(io.cucumber.testng.PickleWrapper,io.cucumber.testng.FeatureWrapper)[pri:0, instance:com.CucumberTest.runners.SalesforceRunner@bae7dc0]" started-at="2023-06-17T11:50:12 PDT" name="runScenario" description="Runs Cucumber Scenarios" data-provider="scenarios" finished-at="2023-06-17T11:50:29 PDT" duration-ms="17416" status="PASS">
          <params>
            <param index="0">
              <value>
                <![CDATA["Select user menu dropdown in homepage"]]>
              </value>
            </param>
            <param index="1">
              <value>
                <![CDATA["Salesforce login Functionality"]]>
              </value>
            </param>
          </params>
          <reporter-output>
          </reporter-output>
        </test-method> <!-- runScenario -->
        <test-method signature="runScenario(io.cucumber.testng.PickleWrapper,io.cucumber.testng.FeatureWrapper)[pri:0, instance:com.CucumberTest.runners.SalesforceRunner@bae7dc0]" started-at="2023-06-17T11:50:29 PDT" name="runScenario" description="Runs Cucumber Scenarios" data-provider="scenarios" finished-at="2023-06-17T11:50:40 PDT" duration-ms="10521" status="PASS">
          <params>
            <param index="0">
              <value>
                <![CDATA["Unsuccessful login to salesforce application"]]>
              </value>
            </param>
            <param index="1">
              <value>
                <![CDATA["Salesforce login Functionality"]]>
              </value>
            </param>
          </params>
          <reporter-output>
          </reporter-output>
        </test-method> <!-- runScenario -->
        <test-method signature="runScenario(io.cucumber.testng.PickleWrapper,io.cucumber.testng.FeatureWrapper)[pri:0, instance:com.CucumberTest.runners.SalesforceRunner@bae7dc0]" started-at="2023-06-17T11:50:40 PDT" name="runScenario" description="Runs Cucumber Scenarios" data-provider="scenarios" finished-at="2023-06-17T11:50:55 PDT" duration-ms="15451" status="PASS">
          <params>
            <param index="0">
              <value>
                <![CDATA["Successful Login to salesforce application"]]>
              </value>
            </param>
            <param index="1">
              <value>
                <![CDATA["Salesforce login Functionality"]]>
              </value>
            </param>
          </params>
          <reporter-output>
          </reporter-output>
        </test-method> <!-- runScenario -->
        <test-method signature="runScenario(io.cucumber.testng.PickleWrapper,io.cucumber.testng.FeatureWrapper)[pri:0, instance:com.CucumberTest.runners.SalesforceRunner@bae7dc0]" started-at="2023-06-17T11:50:55 PDT" name="runScenario" description="Runs Cucumber Scenarios" data-provider="scenarios" finished-at="2023-06-17T11:51:35 PDT" duration-ms="40028" status="PASS">
          <params>
            <param index="0">
              <value>
                <![CDATA["Select rememberme checkbox in login page"]]>
              </value>
            </param>
            <param index="1">
              <value>
                <![CDATA["Salesforce login Functionality"]]>
              </value>
            </param>
          </params>
          <reporter-output>
          </reporter-output>
        </test-method> <!-- runScenario -->
        <test-method signature="runScenario(io.cucumber.testng.PickleWrapper,io.cucumber.testng.FeatureWrapper)[pri:0, instance:com.CucumberTest.runners.SalesforceRunner@bae7dc0]" started-at="2023-06-17T11:51:35 PDT" name="runScenario" description="Runs Cucumber Scenarios" data-provider="scenarios" finished-at="2023-06-17T11:51:45 PDT" duration-ms="9174" status="PASS">
          <params>
            <param index="0">
              <value>
                <![CDATA["Forgot Password without entering username and password"]]>
              </value>
            </param>
            <param index="1">
              <value>
                <![CDATA["Salesforce login Functionality"]]>
              </value>
            </param>
          </params>
          <reporter-output>
          </reporter-output>
        </test-method> <!-- runScenario -->
        <test-method signature="runScenario(io.cucumber.testng.PickleWrapper,io.cucumber.testng.FeatureWrapper)[pri:0, instance:com.CucumberTest.runners.SalesforceRunner@bae7dc0]" started-at="2023-06-17T11:51:45 PDT" name="runScenario" description="Runs Cucumber Scenarios" data-provider="scenarios" finished-at="2023-06-17T11:51:56 PDT" duration-ms="11618" status="PASS">
          <params>
            <param index="0">
              <value>
                <![CDATA["Validate login error message if user enters incorrect username and incorrect password"]]>
              </value>
            </param>
            <param index="1">
              <value>
                <![CDATA["Salesforce login Functionality"]]>
              </value>
            </param>
          </params>
          <reporter-output>
          </reporter-output>
        </test-method> <!-- runScenario -->
        <test-method is-config="true" signature="tearDownClass()[pri:0, instance:com.CucumberTest.runners.SalesforceRunner@bae7dc0]" started-at="2023-06-17T11:51:56 PDT" name="tearDownClass" finished-at="2023-06-17T11:51:56 PDT" duration-ms="30" status="PASS">
          <reporter-output>
          </reporter-output>
        </test-method> <!-- tearDownClass -->
      </class> <!-- com.CucumberTest.runners.SalesforceRunner -->
    </test> <!-- Default test -->
  </suite> <!-- Default suite -->
</testng-results>
